<?xml version="1.0" encoding="UTF-8"?>
<testsuites name="TS-Country" time="11.932" tests="4" failures="0" errors="0">
   <testsuite name="TS-Country" tests="4" failures="0" errors="0" time="11.932" skipped="0" timestamp="2023-07-28 14:07:27" hostname="acer - anehsialan" id="Test Suites/TS-Country">
      <properties>
         <property name="deviceName" value=""/>
         <property name="devicePlatform" value=""/>
         <property name="logFolder" value="D:\\Katalon\\API Testing - Latihan\\Reports\\20230728_140716\\TS-Country\\20230728_140716"/>
         <property name="logFiles" value="D:\\Katalon\\API Testing - Latihan\\Reports\\20230728_140716\\TS-Country\\20230728_140716\\execution0.log"/>
         <property name="attachments" value=""/>
         <property name="hostName" value="acer - anehsialan"/>
         <property name="hostAddress" value="192.168.7.170"/>
         <property name="os" value="Windows 11 64bit"/>
         <property name="katalonVersion" value="8.6.5.208"/>
      </properties>
      <testcase name="Test Cases/ParameterizationAndDataDriven-Demo" time="5.183" classname="Test Cases/ParameterizationAndDataDriven-Demo" status="PASSED">
         <system-out><![CDATA[2023-07-28 14:07:28 - [TEST_CASE][PASSED] - Test Cases/ParameterizationAndDataDriven-Demo: Test Cases/ParameterizationAndDataDriven-Demo

2023-07-28 14:07:28 - [TEST_STEP][PASSED] - response1 = sendRequest(findTestObject("API Latihan/SOAP/SOAP Service (1)/CountryInfoServiceSoapBinding/CountryISOCode", ["countryName":countryName])): Send request successfully

2023-07-28 14:07:31 - [MESSAGE][INFO] - HAR: D:\Katalon\API Testing - Latihan\Reports\20230728_140716\TS-Country\20230728_140716\requests\main\0.har

2023-07-28 14:07:31 - [MESSAGE][PASSED] - Send request successfully

2023-07-28 14:07:31 - [TEST_STEP][PASSED] - verifyElementText(response1, "CountryISOCodeResponse.CountryISOCodeResult", countryCode): Verify element text successfully

2023-07-28 14:07:31 - [MESSAGE][PASSED] - Verify element text successfully

2023-07-28 14:07:31 - [TEST_STEP][PASSED] - response2 = sendRequest(findTestObject("API Latihan/SOAP/SOAP Service (1)/CountryInfoServiceSoapBinding/CapitalCity", ["countryCode":countryCode])): Send request successfully

2023-07-28 14:07:32 - [MESSAGE][INFO] - HAR: D:\Katalon\API Testing - Latihan\Reports\20230728_140716\TS-Country\20230728_140716\requests\main\1.har

2023-07-28 14:07:32 - [MESSAGE][PASSED] - Send request successfully

2023-07-28 14:07:32 - [TEST_STEP][PASSED] - verifyElementText(response2, "CapitalCityResponse.CapitalCityResult", capitalCountry): Verify element text successfully

2023-07-28 14:07:32 - [MESSAGE][PASSED] - Verify element text successfully

2023-07-28 14:07:32 - [TEST_STEP][PASSED] - response3 = sendRequest(findTestObject("API Latihan/SOAP/SOAP Service (1)/CountryInfoServiceSoapBinding/CountryCurrency", ["countryCode":countryCode])): Send request successfully

2023-07-28 14:07:33 - [MESSAGE][INFO] - HAR: D:\Katalon\API Testing - Latihan\Reports\20230728_140716\TS-Country\20230728_140716\requests\main\2.har

2023-07-28 14:07:33 - [MESSAGE][PASSED] - Send request successfully

2023-07-28 14:07:33 - [TEST_STEP][PASSED] - verifyElementText(response3, "CountryCurrencyResponse.CountryCurrencyResult.sName", currencyCountry): Verify element text successfully

2023-07-28 14:07:33 - [MESSAGE][PASSED] - Verify element text successfully]]></system-out>
         <system-err><![CDATA[]]></system-err>
      </testcase>
      <testcase name="Test Cases/ParameterizationAndDataDriven-Demo" time="1.867" classname="Test Cases/ParameterizationAndDataDriven-Demo" status="PASSED">
         <system-out><![CDATA[2023-07-28 14:07:33 - [TEST_CASE][PASSED] - Test Cases/ParameterizationAndDataDriven-Demo: Test Cases/ParameterizationAndDataDriven-Demo

2023-07-28 14:07:33 - [TEST_STEP][PASSED] - response1 = sendRequest(findTestObject("API Latihan/SOAP/SOAP Service (1)/CountryInfoServiceSoapBinding/CountryISOCode", ["countryName":countryName])): Send request successfully

2023-07-28 14:07:33 - [MESSAGE][INFO] - HAR: D:\Katalon\API Testing - Latihan\Reports\20230728_140716\TS-Country\20230728_140716\requests\main\3.har

2023-07-28 14:07:33 - [MESSAGE][PASSED] - Send request successfully

2023-07-28 14:07:33 - [TEST_STEP][PASSED] - verifyElementText(response1, "CountryISOCodeResponse.CountryISOCodeResult", countryCode): Verify element text successfully

2023-07-28 14:07:34 - [MESSAGE][PASSED] - Verify element text successfully

2023-07-28 14:07:34 - [TEST_STEP][PASSED] - response2 = sendRequest(findTestObject("API Latihan/SOAP/SOAP Service (1)/CountryInfoServiceSoapBinding/CapitalCity", ["countryCode":countryCode])): Send request successfully

2023-07-28 14:07:34 - [MESSAGE][INFO] - HAR: D:\Katalon\API Testing - Latihan\Reports\20230728_140716\TS-Country\20230728_140716\requests\main\4.har

2023-07-28 14:07:34 - [MESSAGE][PASSED] - Send request successfully

2023-07-28 14:07:34 - [TEST_STEP][PASSED] - verifyElementText(response2, "CapitalCityResponse.CapitalCityResult", capitalCountry): Verify element text successfully

2023-07-28 14:07:34 - [MESSAGE][PASSED] - Verify element text successfully

2023-07-28 14:07:34 - [TEST_STEP][PASSED] - response3 = sendRequest(findTestObject("API Latihan/SOAP/SOAP Service (1)/CountryInfoServiceSoapBinding/CountryCurrency", ["countryCode":countryCode])): Send request successfully

2023-07-28 14:07:35 - [MESSAGE][INFO] - HAR: D:\Katalon\API Testing - Latihan\Reports\20230728_140716\TS-Country\20230728_140716\requests\main\5.har

2023-07-28 14:07:35 - [MESSAGE][PASSED] - Send request successfully

2023-07-28 14:07:35 - [TEST_STEP][PASSED] - verifyElementText(response3, "CountryCurrencyResponse.CountryCurrencyResult.sName", currencyCountry): Verify element text successfully

2023-07-28 14:07:35 - [MESSAGE][PASSED] - Verify element text successfully]]></system-out>
         <system-err><![CDATA[]]></system-err>
      </testcase>
      <testcase name="Test Cases/ParameterizationAndDataDriven-Demo" time="1.791" classname="Test Cases/ParameterizationAndDataDriven-Demo" status="PASSED">
         <system-out><![CDATA[2023-07-28 14:07:35 - [TEST_CASE][PASSED] - Test Cases/ParameterizationAndDataDriven-Demo: Test Cases/ParameterizationAndDataDriven-Demo

2023-07-28 14:07:35 - [TEST_STEP][PASSED] - response1 = sendRequest(findTestObject("API Latihan/SOAP/SOAP Service (1)/CountryInfoServiceSoapBinding/CountryISOCode", ["countryName":countryName])): Send request successfully

2023-07-28 14:07:35 - [MESSAGE][INFO] - HAR: D:\Katalon\API Testing - Latihan\Reports\20230728_140716\TS-Country\20230728_140716\requests\main\6.har

2023-07-28 14:07:35 - [MESSAGE][PASSED] - Send request successfully

2023-07-28 14:07:35 - [TEST_STEP][PASSED] - verifyElementText(response1, "CountryISOCodeResponse.CountryISOCodeResult", countryCode): Verify element text successfully

2023-07-28 14:07:35 - [MESSAGE][PASSED] - Verify element text successfully

2023-07-28 14:07:35 - [TEST_STEP][PASSED] - response2 = sendRequest(findTestObject("API Latihan/SOAP/SOAP Service (1)/CountryInfoServiceSoapBinding/CapitalCity", ["countryCode":countryCode])): Send request successfully

2023-07-28 14:07:36 - [MESSAGE][INFO] - HAR: D:\Katalon\API Testing - Latihan\Reports\20230728_140716\TS-Country\20230728_140716\requests\main\7.har

2023-07-28 14:07:36 - [MESSAGE][PASSED] - Send request successfully

2023-07-28 14:07:36 - [TEST_STEP][PASSED] - verifyElementText(response2, "CapitalCityResponse.CapitalCityResult", capitalCountry): Verify element text successfully

2023-07-28 14:07:36 - [MESSAGE][PASSED] - Verify element text successfully

2023-07-28 14:07:36 - [TEST_STEP][PASSED] - response3 = sendRequest(findTestObject("API Latihan/SOAP/SOAP Service (1)/CountryInfoServiceSoapBinding/CountryCurrency", ["countryCode":countryCode])): Send request successfully

2023-07-28 14:07:37 - [MESSAGE][INFO] - HAR: D:\Katalon\API Testing - Latihan\Reports\20230728_140716\TS-Country\20230728_140716\requests\main\8.har

2023-07-28 14:07:37 - [MESSAGE][PASSED] - Send request successfully

2023-07-28 14:07:37 - [TEST_STEP][PASSED] - verifyElementText(response3, "CountryCurrencyResponse.CountryCurrencyResult.sName", currencyCountry): Verify element text successfully

2023-07-28 14:07:37 - [MESSAGE][PASSED] - Verify element text successfully]]></system-out>
         <system-err><![CDATA[]]></system-err>
      </testcase>
      <testcase name="Test Cases/ParameterizationAndDataDriven-Demo" time="2.491" classname="Test Cases/ParameterizationAndDataDriven-Demo" status="PASSED">
         <system-out><![CDATA[2023-07-28 14:07:37 - [TEST_CASE][PASSED] - Test Cases/ParameterizationAndDataDriven-Demo: Test Cases/ParameterizationAndDataDriven-Demo

2023-07-28 14:07:37 - [TEST_STEP][PASSED] - response1 = sendRequest(findTestObject("API Latihan/SOAP/SOAP Service (1)/CountryInfoServiceSoapBinding/CountryISOCode", ["countryName":countryName])): Send request successfully

2023-07-28 14:07:38 - [MESSAGE][INFO] - HAR: D:\Katalon\API Testing - Latihan\Reports\20230728_140716\TS-Country\20230728_140716\requests\main\9.har

2023-07-28 14:07:38 - [MESSAGE][PASSED] - Send request successfully

2023-07-28 14:07:38 - [TEST_STEP][PASSED] - verifyElementText(response1, "CountryISOCodeResponse.CountryISOCodeResult", countryCode): Verify element text successfully

2023-07-28 14:07:38 - [MESSAGE][PASSED] - Verify element text successfully

2023-07-28 14:07:38 - [TEST_STEP][PASSED] - response2 = sendRequest(findTestObject("API Latihan/SOAP/SOAP Service (1)/CountryInfoServiceSoapBinding/CapitalCity", ["countryCode":countryCode])): Send request successfully

2023-07-28 14:07:38 - [MESSAGE][INFO] - HAR: D:\Katalon\API Testing - Latihan\Reports\20230728_140716\TS-Country\20230728_140716\requests\main\10.har

2023-07-28 14:07:38 - [MESSAGE][PASSED] - Send request successfully

2023-07-28 14:07:38 - [TEST_STEP][PASSED] - verifyElementText(response2, "CapitalCityResponse.CapitalCityResult", capitalCountry): Verify element text successfully

2023-07-28 14:07:38 - [MESSAGE][PASSED] - Verify element text successfully

2023-07-28 14:07:38 - [TEST_STEP][PASSED] - response3 = sendRequest(findTestObject("API Latihan/SOAP/SOAP Service (1)/CountryInfoServiceSoapBinding/CountryCurrency", ["countryCode":countryCode])): Send request successfully

2023-07-28 14:07:39 - [MESSAGE][INFO] - HAR: D:\Katalon\API Testing - Latihan\Reports\20230728_140716\TS-Country\20230728_140716\requests\main\11.har

2023-07-28 14:07:39 - [MESSAGE][PASSED] - Send request successfully

2023-07-28 14:07:39 - [TEST_STEP][PASSED] - verifyElementText(response3, "CountryCurrencyResponse.CountryCurrencyResult.sName", currencyCountry): Verify element text successfully

2023-07-28 14:07:39 - [MESSAGE][PASSED] - Verify element text successfully]]></system-out>
         <system-err><![CDATA[]]></system-err>
      </testcase>
      <system-out><![CDATA[2023-07-28 14:07:27 - [TEST_SUITE][PASSED] - TS-Country: Test Cases/ParameterizationAndDataDriven-Demo]]></system-out>
      <system-err><![CDATA[]]></system-err>
   </testsuite>
</testsuites>
